# JRE version: Java(TM) SE Runtime Environment (8.0_151-b12) (build 1.8.0_151-b12)
# Java VM: Java HotSpot(TM) Client VM (25.151-b12 mixed mode windows-x86 )
Heap:
 def new generation   total 33728K, used 21063K [0x07200000, 0x09690000, 0x0c750000)
  eden space 30016K,  67% used [0x07200000, 0x085d2720, 0x08f50000)
  from space 3712K,  20% used [0x08f50000, 0x0900f728, 0x092f0000)
  to   space 3712K,   0% used [0x092f0000, 0x092f0000, 0x09690000)
 tenured generation   total 74792K, used 66827K [0x0c750000, 0x1105a000, 0x17200000)
   the space 74792K,  89% used [0x0c750000, 0x10892d50, 0x10892e00, 0x1105a000)
 Metaspace       used 19827K, capacity 20638K, committed 20736K, reserved 20864K
GC Heap History (10 events):
Event: 8.959 GC heap before
{Heap before GC invocations=169 (full 6):
 def new generation   total 33728K, used 30174K [0x07200000, 0x09690000, 0x0c750000)
  eden space 30016K,  98% used [0x07200000, 0x08eef6b8, 0x08f50000)
  from space 3712K,  14% used [0x092f0000, 0x09378180, 0x09690000)
  to   space 3712K,   0% used [0x08f50000, 0x08f50000, 0x092f0000)
 tenured generation   total 74792K, used 60084K [0x0c750000, 0x1105a000, 0x17200000)
   the space 74792K,  80% used [0x0c750000, 0x101fd160, 0x101fd200, 0x1105a000)
 Metaspace       used 19667K, capacity 20476K, committed 20480K, reserved 20864K
Event: 8.960 GC heap after
Heap after GC invocations=170 (full 6):
 def new generation   total 33728K, used 1086K [0x07200000, 0x09690000, 0x0c750000)
  eden space 30016K,   0% used [0x07200000, 0x07200000, 0x08f50000)
  from space 3712K,  29% used [0x08f50000, 0x0905f878, 0x092f0000)
  to   space 3712K,   0% used [0x092f0000, 0x092f0000, 0x09690000)
 tenured generation   total 74792K, used 60084K [0x0c750000, 0x1105a000, 0x17200000)
   the space 74792K,  80% used [0x0c750000, 0x101fd160, 0x101fd200, 0x1105a000)
 Metaspace       used 19667K, capacity 20476K, committed 20480K, reserved 20864K
}
Event: 9.103 GC heap before
{Heap before GC invocations=170 (full 6):
 def new generation   total 33728K, used 30880K [0x07200000, 0x09690000, 0x0c750000)
  eden space 30016K,  99% used [0x07200000, 0x08f18918, 0x08f50000)
  from space 3712K,  29% used [0x08f50000, 0x0905f878, 0x092f0000)
  to   space 3712K,   0% used [0x092f0000, 0x092f0000, 0x09690000)
 tenured generation   total 74792K, used 60084K [0x0c750000, 0x1105a000, 0x17200000)
   the space 74792K,  80% used [0x0c750000, 0x101fd160, 0x101fd200, 0x1105a000)
 Metaspace       used 19667K, capacity 20476K, committed 20480K, reserved 20864K
Event: 9.104 GC heap after
Heap after GC invocations=171 (full 6):
 def new generation   total 33728K, used 1085K [0x07200000, 0x09690000, 0x0c750000)
  eden space 30016K,   0% used [0x07200000, 0x07200000, 0x08f50000)
  from space 3712K,  29% used [0x092f0000, 0x093ff6e8, 0x09690000)
  to   space 3712K,   0% used [0x08f50000, 0x08f50000, 0x092f0000)
 tenured generation   total 74792K, used 60084K [0x0c750000, 0x1105a000, 0x17200000)
   the space 74792K,  80% used [0x0c750000, 0x101fd160, 0x101fd200, 0x1105a000)
 Metaspace       used 19667K, capacity 20476K, committed 20480K, reserved 20864K
}
Event: 9.248 GC heap before
{Heap before GC invocations=171 (full 6):
 def new generation   total 33728K, used 30878K [0x07200000, 0x09690000, 0x0c750000)
  eden space 30016K,  99% used [0x07200000, 0x08f184f8, 0x08f50000)
  from space 3712K,  29% used [0x092f0000, 0x093ff6e8, 0x09690000)
  to   space 3712K,   0% used [0x08f50000, 0x08f50000, 0x092f0000)
 tenured generation   total 74792K, used 60084K [0x0c750000, 0x1105a000, 0x17200000)
   the space 74792K,  80% used [0x0c750000, 0x101fd160, 0x101fd200, 0x1105a000)
 Metaspace       used 19667K, capacity 20476K, committed 20480K, reserved 20864K
Event: 9.249 GC heap after
Heap after GC invocations=172 (full 6):
 def new generation   total 33728K, used 1085K [0x07200000, 0x09690000, 0x0c750000)
  eden space 30016K,   0% used [0x07200000, 0x07200000, 0x08f50000)
  from space 3712K,  29% used [0x08f50000, 0x0905f7a0, 0x092f0000)
  to   space 3712K,   0% used [0x092f0000, 0x092f0000, 0x09690000)
 tenured generation   total 74792K, used 60084K [0x0c750000, 0x1105a000, 0x17200000)
   the space 74792K,  80% used [0x0c750000, 0x101fd160, 0x101fd200, 0x1105a000)
 Metaspace       used 19667K, capacity 20476K, committed 20480K, reserved 20864K
}
Event: 15.161 GC heap before
{Heap before GC invocations=172 (full 6):
 def new generation   total 33728K, used 30400K [0x07200000, 0x09690000, 0x0c750000)
  eden space 30016K,  97% used [0x07200000, 0x08ea0880, 0x08f50000)
  from space 3712K,  29% used [0x08f50000, 0x0905f7a0, 0x092f0000)
  to   space 3712K,   0% used [0x092f0000, 0x092f0000, 0x09690000)
 tenured generation   total 74792K, used 60084K [0x0c750000, 0x1105a000, 0x17200000)
   the space 74792K,  80% used [0x0c750000, 0x101fd160, 0x101fd200, 0x1105a000)
 Metaspace       used 19803K, capacity 20606K, committed 20736K, reserved 20864K
Event: 15.163 GC heap after
Heap after GC invocations=173 (full 6):
 def new generation   total 33728K, used 784K [0x07200000, 0x09690000, 0x0c750000)
  eden space 30016K,   0% used [0x07200000, 0x07200000, 0x08f50000)
  from space 3712K,  21% used [0x092f0000, 0x093b43a0, 0x09690000)
  to   space 3712K,   0% used [0x08f50000, 0x08f50000, 0x092f0000)
 tenured generation   total 74792K, used 60084K [0x0c750000, 0x1105a000, 0x17200000)
   the space 74792K,  80% used [0x0c750000, 0x101fd160, 0x101fd200, 0x1105a000)
 Metaspace       used 19803K, capacity 20606K, committed 20736K, reserved 20864K
}
Event: 36.190 GC heap before
{Heap before GC invocations=173 (full 6):
 def new generation   total 33728K, used 30800K [0x07200000, 0x09690000, 0x0c750000)
  eden space 30016K, 100% used [0x07200000, 0x08f50000, 0x08f50000)
  from space 3712K,  21% used [0x092f0000, 0x093b43a0, 0x09690000)
  to   space 3712K,   0% used [0x08f50000, 0x08f50000, 0x092f0000)
 tenured generation   total 74792K, used 60084K [0x0c750000, 0x1105a000, 0x17200000)
   the space 74792K,  80% used [0x0c750000, 0x101fd160, 0x101fd200, 0x1105a000)
 Metaspace       used 19806K, capacity 20606K, committed 20736K, reserved 20864K
Event: 36.194 GC heap after
Heap after GC invocations=174 (full 6):
 def new generation   total 33728K, used 765K [0x07200000, 0x09690000, 0x0c750000)
  eden space 30016K,   0% used [0x07200000, 0x07200000, 0x08f50000)
  from space 3712K,  20% used [0x08f50000, 0x0900f728, 0x092f0000)
  to   space 3712K,   0% used [0x092f0000, 0x092f0000, 0x09690000)
 tenured generation   total 74792K, used 66827K [0x0c750000, 0x1105a000, 0x17200000)
   the space 74792K,  89% used [0x0c750000, 0x10892d50, 0x10892e00, 0x1105a000)
 Metaspace       used 19806K, capacity 20606K, committed 20736K, reserved 20864K
}

